<?xml version="1.0" encoding="UTF-8"?>
<testng-results ignored="0" total="2" passed="2" failed="0" skipped="0">
  <reporter-output>
  </reporter-output>
  <suite started-at="2023-04-24T14:43:29 EDT" name="Default suite" finished-at="2023-04-24T14:43:36 EDT" duration-ms="6172">
    <groups>
    </groups>
    <test started-at="2023-04-24T14:43:29 EDT" name="Default test" finished-at="2023-04-24T14:43:36 EDT" duration-ms="6172">
      <class name="com.facebook_login.LoginTest">
        <test-method is-config="true" signature="openApp()[pri:0, instance:com.facebook_login.LoginTest@35d019a3]" started-at="2023-04-24T14:43:29 EDT" name="openApp" finished-at="2023-04-24T14:43:34 EDT" duration-ms="4694" status="PASS">
          <reporter-output>
          </reporter-output>
        </test-method> <!-- openApp -->
        <test-method signature="invalidLoginTest()[pri:0, instance:com.facebook_login.LoginTest@35d019a3]" started-at="2023-04-24T14:43:34 EDT" name="invalidLoginTest" finished-at="2023-04-24T14:43:34 EDT" duration-ms="143" status="PASS">
          <reporter-output>
          </reporter-output>
        </test-method> <!-- invalidLoginTest -->
        <test-method is-config="true" signature="closeApp()[pri:0, instance:com.facebook_login.LoginTest@35d019a3]" started-at="2023-04-24T14:43:34 EDT" name="closeApp" finished-at="2023-04-24T14:43:34 EDT" duration-ms="0" status="PASS">
          <reporter-output>
          </reporter-output>
        </test-method> <!-- closeApp -->
        <test-method is-config="true" signature="openApp()[pri:0, instance:com.facebook_login.LoginTest@35d019a3]" started-at="2023-04-24T14:43:34 EDT" name="openApp" finished-at="2023-04-24T14:43:35 EDT" duration-ms="1168" status="PASS">
          <reporter-output>
          </reporter-output>
        </test-method> <!-- openApp -->
        <test-method signature="validLoginTest()[pri:0, instance:com.facebook_login.LoginTest@35d019a3]" started-at="2023-04-24T14:43:35 EDT" name="validLoginTest" finished-at="2023-04-24T14:43:36 EDT" duration-ms="123" status="PASS">
          <reporter-output>
          </reporter-output>
        </test-method> <!-- validLoginTest -->
        <test-method is-config="true" signature="closeApp()[pri:0, instance:com.facebook_login.LoginTest@35d019a3]" started-at="2023-04-24T14:43:36 EDT" name="closeApp" finished-at="2023-04-24T14:43:36 EDT" duration-ms="1" status="PASS">
          <reporter-output>
          </reporter-output>
        </test-method> <!-- closeApp -->
      </class> <!-- com.facebook_login.LoginTest -->
    </test> <!-- Default test -->
  </suite> <!-- Default suite -->
</testng-results>
