<?xml version="1.0" encoding="UTF-8"?>
<testng-results ignored="0" total="1" passed="1" failed="0" skipped="0">
  <reporter-output>
  </reporter-output>
  <suite started-at="2023-03-25T12:36:37 EDT" name="Default suite" finished-at="2023-03-25T12:36:39 EDT" duration-ms="2272">
    <groups>
    </groups>
    <test started-at="2023-03-25T12:36:37 EDT" name="Default test" finished-at="2023-03-25T12:36:39 EDT" duration-ms="2272">
      <class name="com.facebook_interface.GetUrl">
        <test-method is-config="true" signature="openApp()[pri:0, instance:com.facebook_interface.GetUrl@55b699ef]" started-at="2023-03-25T12:36:37 EDT" name="openApp" finished-at="2023-03-25T12:36:39 EDT" duration-ms="2122" status="PASS">
          <reporter-output>
          </reporter-output>
        </test-method> <!-- openApp -->
        <test-method signature="getUrlTest()[pri:0, instance:com.facebook_interface.GetUrl@55b699ef]" started-at="2023-03-25T12:36:39 EDT" name="getUrlTest" finished-at="2023-03-25T12:36:39 EDT" duration-ms="11" status="PASS">
          <reporter-output>
          </reporter-output>
        </test-method> <!-- getUrlTest -->
        <test-method is-config="true" signature="closeApp()[pri:0, instance:com.facebook_interface.GetUrl@55b699ef]" started-at="2023-03-25T12:36:39 EDT" name="closeApp" finished-at="2023-03-25T12:36:39 EDT" duration-ms="104" status="PASS">
          <reporter-output>
          </reporter-output>
        </test-method> <!-- closeApp -->
      </class> <!-- com.facebook_interface.GetUrl -->
    </test> <!-- Default test -->
  </suite> <!-- Default suite -->
</testng-results>
